# vim: set ft=conf:
#
# Note: blank lines are not permitted.
#
# These are symbols that 123.o exports that should not be visible to other
# code, such as statically linked libc functions.
#
fopen
fread
fflush
fgets
fclose
fseek
fgetc
close_range
fputc
fgetgrent
fgetpwent
popen
pclose
fdopen
fprintf
fscanf
freopen
fwrite
sys_errlist
sys_nerr
gtty
stty
initscr
refresh
getch
endwin
wmove
waddch
wclear
wrefresh
LINES
COLS
getmsg
putmsg
stime
opterr
optind
optopt
optarg
getopt
tmpnam
tempnam
move
clrtoeol
clrtobot
clear
addstr
addnstr
beep
reset_shell_mode
addch
reset_prog_mode
def_shell_mode
tparm
setupterm
ttytype
cur_term
longjmp
setjmp
file_name_split
ready_to_read
